0 info it worked if it ends with ok
1 verbose cli [ '/usr/bin/node',
1 verbose cli   '/usr/bin/npm',
1 verbose cli   'install',
1 verbose cli   '--save',
1 verbose cli   'express-jwt' ]
2 info using npm@3.5.2
3 info using node@v6.11.4
4 silly loadCurrentTree Starting
5 silly install loadCurrentTree
6 silly install readLocalPackageData
7 silly fetchPackageMetaData express-jwt
8 silly fetchNamedPackageData express-jwt
9 silly mapToRegistry name express-jwt
10 silly mapToRegistry using default registry
11 silly mapToRegistry registry https://registry.npmjs.org/
12 silly mapToRegistry uri https://registry.npmjs.org/express-jwt
13 verbose request uri https://registry.npmjs.org/express-jwt
14 verbose request no auth needed
15 info attempt registry request try #1 at 9:55:21 PM
16 verbose request id 8cb492f63e79ab23
17 http request GET https://registry.npmjs.org/express-jwt
18 info retry will retry, error on last attempt: Error: tunneling socket could not be established, cause=write EPROTO 140694517253952:error:140770FC:SSL routines:SSL23_GET_SERVER_HELLO:unknown protocol:s23_clnt.c:794:
19 info attempt registry request try #2 at 9:55:40 PM
20 http request GET https://registry.npmjs.org/express-jwt
21 info retry will retry, error on last attempt: Error: tunneling socket could not be established, cause=write EPROTO 140694517253952:error:140770FC:SSL routines:SSL23_GET_SERVER_HELLO:unknown protocol:s23_clnt.c:794:
22 info attempt registry request try #3 at 9:56:40 PM
23 http request GET https://registry.npmjs.org/express-jwt
24 silly fetchPackageMetaData Error: tunneling socket could not be established, cause=write EPROTO 140694517253952:error:140770FC:SSL routines:SSL23_GET_SERVER_HELLO:unknown protocol:s23_clnt.c:794:
24 silly fetchPackageMetaData
24 silly fetchPackageMetaData     at ClientRequest.onError (/usr/share/npm/node_modules/request/node_modules/tunnel-agent/index.js:174:17)
24 silly fetchPackageMetaData     at ClientRequest.g (events.js:292:16)
24 silly fetchPackageMetaData     at emitOne (events.js:96:13)
24 silly fetchPackageMetaData     at ClientRequest.emit (events.js:188:7)
24 silly fetchPackageMetaData     at TLSSocket.socketErrorListener (_http_client.js:310:9)
24 silly fetchPackageMetaData     at emitOne (events.js:96:13)
24 silly fetchPackageMetaData     at TLSSocket.emit (events.js:188:7)
24 silly fetchPackageMetaData     at onwriteError (_stream_writable.js:345:10)
24 silly fetchPackageMetaData     at onwrite (_stream_writable.js:363:5)
24 silly fetchPackageMetaData     at WritableState.onwrite (_stream_writable.js:90:5)
24 silly fetchPackageMetaData  error for express-jwt { Error: tunneling socket could not be established, cause=write EPROTO 140694517253952:error:140770FC:SSL routines:SSL23_GET_SERVER_HELLO:unknown protocol:s23_clnt.c:794:
24 silly fetchPackageMetaData
24 silly fetchPackageMetaData     at ClientRequest.onError (/usr/share/npm/node_modules/request/node_modules/tunnel-agent/index.js:174:17)
24 silly fetchPackageMetaData     at ClientRequest.g (events.js:292:16)
24 silly fetchPackageMetaData     at emitOne (events.js:96:13)
24 silly fetchPackageMetaData     at ClientRequest.emit (events.js:188:7)
24 silly fetchPackageMetaData     at TLSSocket.socketErrorListener (_http_client.js:310:9)
24 silly fetchPackageMetaData     at emitOne (events.js:96:13)
24 silly fetchPackageMetaData     at TLSSocket.emit (events.js:188:7)
24 silly fetchPackageMetaData     at onwriteError (_stream_writable.js:345:10)
24 silly fetchPackageMetaData     at onwrite (_stream_writable.js:363:5)
24 silly fetchPackageMetaData     at WritableState.onwrite (_stream_writable.js:90:5) code: 'ECONNRESET' }
25 silly rollbackFailedOptional Starting
26 silly rollbackFailedOptional Finishing
27 silly runTopLevelLifecycles Starting
28 silly runTopLevelLifecycles Finishing
29 silly install printInstalled
30 verbose stack Error: tunneling socket could not be established, cause=write EPROTO 140694517253952:error:140770FC:SSL routines:SSL23_GET_SERVER_HELLO:unknown protocol:s23_clnt.c:794:
30 verbose stack
30 verbose stack     at ClientRequest.onError (/usr/share/npm/node_modules/request/node_modules/tunnel-agent/index.js:174:17)
30 verbose stack     at ClientRequest.g (events.js:292:16)
30 verbose stack     at emitOne (events.js:96:13)
30 verbose stack     at ClientRequest.emit (events.js:188:7)
30 verbose stack     at TLSSocket.socketErrorListener (_http_client.js:310:9)
30 verbose stack     at emitOne (events.js:96:13)
30 verbose stack     at TLSSocket.emit (events.js:188:7)
30 verbose stack     at onwriteError (_stream_writable.js:345:10)
30 verbose stack     at onwrite (_stream_writable.js:363:5)
30 verbose stack     at WritableState.onwrite (_stream_writable.js:90:5)
31 verbose cwd /home/sudip/MessManagement
32 error Linux 4.13.0-32-generic
33 error argv "/usr/bin/node" "/usr/bin/npm" "install" "--save" "express-jwt"
34 error node v6.11.4
35 error npm  v3.5.2
36 error code ECONNRESET
37 error network tunneling socket could not be established, cause=write EPROTO 140694517253952:error:140770FC:SSL routines:SSL23_GET_SERVER_HELLO:unknown protocol:s23_clnt.c:794:
38 error network This is most likely not a problem with npm itself
38 error network and is related to network connectivity.
38 error network In most cases you are behind a proxy or have bad network settings.
38 error network
38 error network If you are behind a proxy, please make sure that the
38 error network 'proxy' config is set properly.  See: 'npm help config'
39 verbose exit [ 1, true ]
